#
# A fatal error has been detected by the Java Runtime Environment:
#
#  SIGSEGV (0xb) at pc=0x000000010e9aad8d, pid=77728, tid=0x0000000000002a03
#
# JRE version: Java(TM) SE Runtime Environment (8.0_191-b12) (build 1.8.0_191-b12)
# Java VM: Java HotSpot(TM) 64-Bit Server VM (25.191-b12 mixed mode bsd-amd64 compressed oops)
# Problematic frame:
# V  [libjvm.dylib+0x1aad8d]  oopDesc::size()+0x2d
#
# Failed to write core dump. Core dumps have been disabled. To enable core dumping, try "ulimit -c unlimited" before starting Java again
#
# If you would like to submit a bug report, please visit:
#   http://bugreport.java.com/bugreport/crash.jsp
#

---------------  T H R E A D  ---------------

Current thread (0x00007fde64021800):  GCTaskThread [stack: 0x0000700002520000,0x0000700002620000] [id=10755]

siginfo: si_signo: 11 (SIGSEGV), si_code: 1 (SEGV_MAPERR), si_addr: 0x0000000000000088

Registers:
RAX=0x000000010f045f40, RBX=0x000000010f0d8250, RCX=0x0000000000000003, RDX=0x0000000000000001
RSP=0x000070000261fbd0, RBP=0x000070000261fbd0, RSI=0x00000007c00a1cd0, RDI=0x0000000000000080
R8 =0x000000010f0fa1c0, R9 =0x00000007a2eda010, R10=0x00000007a2ee2010, R11=0xfffffffffe96d438
R12=0x000000010f0efed6, R13=0x00000007a2ee148d, R14=0x00007fde64826180, R15=0x00007fde64826218
RIP=0x000000010e9aad8d, EFLAGS=0x0000000000010202, ERR=0x0000000000000004
  TRAPNO=0x000000000000000e

Top of Stack: (sp=0x000070000261fbd0)
0x000070000261fbd0:   000070000261fc40 000000010eccb2fd
0x000070000261fbe0:   000070000261fc70 00000007c00a1cd0
0x000070000261fbf0:   00000007a2eda010 0000000000001000
0x000070000261fc00:   00007fde62e12b68 0000000000000016
0x000070000261fc10:   0000000000000019 00000007a2ee148d
0x000070000261fc20:   000000010f0efed6 00000007a2ee148d
0x000070000261fc30:   00000007a2ee148c 00007fde64826218
0x000070000261fc40:   000070000261fc60 000000010eccb813
0x000070000261fc50:   00007fde64826180 00007fde648261e0
0x000070000261fc60:   000070000261fcc0 000000010ecca833
0x000070000261fc70:   00000007411e53c4 00000007c002b3a8
0x000070000261fc80:   00000007a2ee148d 00000007c002b3a8
0x000070000261fc90:   00007fde64826180 00000007411e5400
0x000070000261fca0:   000000010fb7cf2a 00000007411e5400
0x000070000261fcb0:   000000010fb7cf81 0000000000000240
0x000070000261fcc0:   000070000261fd80 000000010e957a4e
0x000070000261fcd0:   00007fde62d08368 0000000000000200
0x000070000261fce0:   fffffffef04807cb 0000000000000100
0x000070000261fcf0:   000000010fb7f833 000000010c174100
0x000070000261fd00:   000000010fb7f834 0000000003a08e00
0x000070000261fd10:   fffffffef048307f 0000000003a0b834
0x000070000261fd20:   000000010fb7cf80 000000010fb7cf01
0x000070000261fd30:   00000007417067d8 00000007411f0010
0x000070000261fd40:   00007fde62e0dcd0 00007fde64826180
0x000070000261fd50:   00007fde62e0da50 00007fde62d08ea0
0x000070000261fd60:   0000000000000000 000000010ee19f13
0x000070000261fd70:   00007fde64826180 0000000000000001
0x000070000261fd80:   000070000261fdb0 000000010ecce373
0x000070000261fd90:   0000000000000004 00007fde62e10c30
0x000070000261fda0:   00007fde64021800 00007fde62d08ea0
0x000070000261fdb0:   000070000261fe90 000000010ea783c3
0x000070000261fdc0:   000070000261fdf0 00007fde62e11f10 

Instructions: (pc=0x000000010e9aad8d)
0x000000010e9aad6d:   84 d2 48 89 fe 74 15 48 8d 05 c5 b1 69 00 8a 48
0x000000010e9aad7d:   08 8b 7e 08 48 d3 e7 48 03 38 eb 04 48 8b 7e 08
0x000000010e9aad8d:   8b 47 08 85 c0 7e 09 a8 01 75 4e c1 f8 03 eb 47
0x000000010e9aad9d:   85 c0 7f 43 85 c0 79 41 84 d2 0f 94 c1 0f b6 c9 

Register to memory mapping:

RAX=0x000000010f045f40: _ZN8Universe13_narrow_klassE+0 in /Library/Java/JavaVirtualMachines/jdk1.8.0_191.jdk/Contents/Home/jre/lib/server/libjvm.dylib at 0x000000010e800000
RBX=0x000000010f0d8250: _ZTV13InstanceKlass+0x10 in /Library/Java/JavaVirtualMachines/jdk1.8.0_191.jdk/Contents/Home/jre/lib/server/libjvm.dylib at 0x000000010e800000
RCX=0x0000000000000003 is an unknown value
RDX=0x0000000000000001 is an unknown value
RSP=0x000070000261fbd0 is an unknown value
RBP=0x000070000261fbd0 is an unknown value
RSI=0x00000007c00a1cd0 is pointing into metadata
RDI=0x0000000000000080 is an unknown value
R8 =0x000000010f0fa1c0: _ZN10PSScavenge26_young_generation_boundaryE+0 in /Library/Java/JavaVirtualMachines/jdk1.8.0_191.jdk/Contents/Home/jre/lib/server/libjvm.dylib at 0x000000010e800000
R9 =0x00000007a2eda010 is an oop
java.lang.String 
 - klass: 'java/lang/String'
R10=0x00000007a2ee2010 is an oop
[Ljava.lang.Object; 
 - klass: 'java/lang/Object'[]
 - length: 1
R11=0xfffffffffe96d438 is an unknown value
R12=0x000000010f0efed6: AssumeMP+0 in /Library/Java/JavaVirtualMachines/jdk1.8.0_191.jdk/Contents/Home/jre/lib/server/libjvm.dylib at 0x000000010e800000
R13=0x00000007a2ee148d is an unknown value
R14=0x00007fde64826180 is an unknown value
R15=0x00007fde64826218 is an unknown value


Stack: [0x0000700002520000,0x0000700002620000],  sp=0x000070000261fbd0,  free space=1022k
Native frames: (J=compiled Java code, j=interpreted, Vv=VM code, C=native code)
V  [libjvm.dylib+0x1aad8d]  oopDesc::size()+0x2d
V  [libjvm.dylib+0x4cb2fd]  oopDesc* PSPromotionManager::copy_to_survivor_space<false>(oopDesc*)+0x35
V  [libjvm.dylib+0x4cb813]  PSPromotionManager::process_popped_location_depth(StarTask)+0x73
V  [libjvm.dylib+0x4ca833]  PSPromotionManager::drain_stacks_depth(bool)+0x117
V  [libjvm.dylib+0x157a4e]  CardTableExtension::scavenge_contents_parallel(ObjectStartArray*, MutableSpace*, HeapWord*, PSPromotionManager*, unsigned int, unsigned int)+0x380
V  [libjvm.dylib+0x4ce373]  OldToYoungRootsTask::do_it(GCTaskManager*, unsigned int)+0x4b
V  [libjvm.dylib+0x2783c3]  GCTaskThread::run()+0x1a1
V  [libjvm.dylib+0x48e0be]  java_start(Thread*)+0xf6
C  [libsystem_pthread.dylib+0x3661]  _pthread_body+0x154
C  [libsystem_pthread.dylib+0x350d]  _pthread_body+0x0
C  [libsystem_pthread.dylib+0x2bf9]  thread_start+0xd


---------------  P R O C E S S  ---------------

Java Threads: ( => current thread )
  0x00007fde64d0d000 JavaThread "JGit-WorkQueue" daemon [_thread_blocked, id=27915, stack(0x0000700004e1b000,0x0000700004f1b000)]
  0x00007fde633e5800 JavaThread "DestroyJavaVM" [_thread_blocked, id=10243, stack(0x0000700002217000,0x0000700002317000)]
  0x00007fde64364000 JavaThread "http-nio-8888-Acceptor-0" daemon [_thread_in_native, id=37379, stack(0x0000700004c15000,0x0000700004d15000)]
  0x00007fde63c64800 JavaThread "http-nio-8888-ClientPoller-1" daemon [_thread_blocked, id=37635, stack(0x0000700004b12000,0x0000700004c12000)]
  0x00007fde63c5f800 JavaThread "http-nio-8888-ClientPoller-0" daemon [_thread_blocked, id=37891, stack(0x0000700004a0f000,0x0000700004b0f000)]
  0x00007fde6490b800 JavaThread "http-nio-8888-exec-10" daemon [_thread_blocked, id=26371, stack(0x000070000490c000,0x0000700004a0c000)]
  0x00007fde648c1000 JavaThread "http-nio-8888-exec-9" daemon [_thread_blocked, id=25859, stack(0x0000700004809000,0x0000700004909000)]
  0x00007fde648c0000 JavaThread "http-nio-8888-exec-8" daemon [_thread_blocked, id=38403, stack(0x0000700004706000,0x0000700004806000)]
  0x00007fde633e2800 JavaThread "http-nio-8888-exec-7" daemon [_thread_blocked, id=38915, stack(0x0000700004603000,0x0000700004703000)]
  0x00007fde633e2000 JavaThread "http-nio-8888-exec-6" daemon [_thread_blocked, id=39427, stack(0x0000700004500000,0x0000700004600000)]
  0x00007fde633e1000 JavaThread "http-nio-8888-exec-5" daemon [_thread_blocked, id=25603, stack(0x00007000043fd000,0x00007000044fd000)]
  0x00007fde64363800 JavaThread "http-nio-8888-exec-4" daemon [_thread_blocked, id=40195, stack(0x00007000042fa000,0x00007000043fa000)]
  0x00007fde633e0800 JavaThread "http-nio-8888-exec-3" daemon [_thread_blocked, id=25347, stack(0x00007000041f7000,0x00007000042f7000)]
  0x00007fde633d5800 JavaThread "http-nio-8888-exec-2" daemon [_thread_blocked, id=40963, stack(0x00007000040f4000,0x00007000041f4000)]
  0x00007fde648b9800 JavaThread "http-nio-8888-exec-1" daemon [_thread_blocked, id=25091, stack(0x0000700003ff1000,0x00007000040f1000)]
  0x00007fde63c5e800 JavaThread "NioBlockingSelector.BlockPoller-1" daemon [_thread_blocked, id=41731, stack(0x0000700003eee000,0x0000700003fee000)]
  0x00007fde633cd800 JavaThread "spring.cloud.inetutils" daemon [_thread_blocked, id=24583, stack(0x0000700003deb000,0x0000700003eeb000)]
  0x00007fde64362800 JavaThread "container-0" [_thread_blocked, id=41987, stack(0x0000700003ce8000,0x0000700003de8000)]
  0x00007fde64360000 JavaThread "Catalina-utility-2" [_thread_blocked, id=23811, stack(0x0000700003be5000,0x0000700003ce5000)]
  0x00007fde633b9000 JavaThread "Catalina-utility-1" [_thread_blocked, id=23299, stack(0x0000700003ae2000,0x0000700003be2000)]
  0x00007fde64354800 JavaThread "SimplePauseDetectorThread_0" daemon [_thread_blocked, id=42251, stack(0x00007000039df000,0x0000700003adf000)]
  0x00007fde6388a800 JavaThread "Thread-12" daemon [_thread_blocked, id=22311, stack(0x00007000037d9000,0x00007000038d9000)]
  0x00007fde64259000 JavaThread "Attach Listener" daemon [_thread_blocked, id=22535, stack(0x00007000038dc000,0x00007000039dc000)]
  0x00007fde6499a000 JavaThread "RMI Scheduler(0)" daemon [_thread_blocked, id=22019, stack(0x00007000035d3000,0x00007000036d3000)]
  0x00007fde6398e000 JavaThread "RMI TCP Accept-0" daemon [_thread_in_native, id=17155, stack(0x00007000032ca000,0x00007000033ca000)]
  0x00007fde6398d800 JavaThread "RMI TCP Accept-56170" daemon [_thread_in_native, id=15875, stack(0x00007000031c7000,0x00007000032c7000)]
  0x00007fde641cb800 JavaThread "RMI TCP Accept-0" daemon [_thread_in_native, id=15619, stack(0x00007000030c4000,0x00007000031c4000)]
  0x00007fde6394b800 JavaThread "Service Thread" daemon [_thread_blocked, id=17923, stack(0x0000700002fc1000,0x00007000030c1000)]
  0x00007fde630ec000 JavaThread "C1 CompilerThread2" daemon [_thread_blocked, id=14851, stack(0x0000700002ebe000,0x0000700002fbe000)]
  0x00007fde630eb800 JavaThread "C2 CompilerThread1" daemon [_thread_blocked, id=18435, stack(0x0000700002dbb000,0x0000700002ebb000)]
  0x00007fde640ba000 JavaThread "C2 CompilerThread0" daemon [_thread_blocked, id=14339, stack(0x0000700002cb8000,0x0000700002db8000)]
  0x00007fde6393f000 JavaThread "Monitor Ctrl-Break" daemon [_thread_in_native, id=13827, stack(0x0000700002bb5000,0x0000700002cb5000)]
  0x00007fde6480d000 JavaThread "Signal Dispatcher" daemon [_thread_blocked, id=18695, stack(0x0000700002ab2000,0x0000700002bb2000)]
  0x00007fde63817800 JavaThread "Finalizer" daemon [_thread_blocked, id=20739, stack(0x000070000292c000,0x0000700002a2c000)]
  0x00007fde6300e800 JavaThread "Reference Handler" daemon [_thread_blocked, id=11523, stack(0x0000700002829000,0x0000700002929000)]

Other Threads:
  0x00007fde64826800 VMThread [stack: 0x0000700002726000,0x0000700002826000] [id=20995]
  0x00007fde631d3000 WatcherThread [stack: 0x00007000033cd000,0x00007000034cd000] [id=16387]

=>0x00007fde64021800 (exited) GCTaskThread [stack: 0x0000700002520000,0x0000700002620000] [id=10755]

VM state:at safepoint (normal execution)

VM Mutex/Monitor currently owned by a thread:  ([mutex/lock_event])
[0x00007fde62c05540] Threads_lock - owner thread: 0x00007fde64826800
[0x00007fde62c05a40] Heap_lock - owner thread: 0x00007fde64360000

Heap:
 PSYoungGen      total 226304K, used 226202K [0x0000000795580000, 0x00000007a4900000, 0x00000007c0000000)
  eden space 218112K, 100% used [0x0000000795580000,0x00000007a2a80000,0x00000007a2a80000)
  from space 8192K, 98% used [0x00000007a4100000,0x00000007a48e6be8,0x00000007a4900000)
  to   space 15360K, 30% used [0x00000007a2b00000,0x00000007a2fa2010,0x00000007a3a00000)
 ParOldGen       total 91648K, used 23577K [0x0000000740000000, 0x0000000745980000, 0x0000000795580000)
  object space 91648K, 25% used [0x0000000740000000,0x00000007417067d8,0x0000000745980000)
 Metaspace       used 42997K, capacity 45862K, committed 46208K, reserved 1089536K
  class space    used 5935K, capacity 6431K, committed 6528K, reserved 1048576K

Card table byte_map: [0x000000010fb74000,0x000000010ff75000] byte_map_base: 0x000000010c174000

Marking Bits: (ParMarkBitMap*) 0x000000010f0f9e00
 Begin Bits: [0x0000000120199000, 0x0000000122199000)
 End Bits:   [0x0000000122199000, 0x0000000124199000)

Polling page: 0x000000010de64000

CodeCache: size=245760Kb used=13193Kb max_used=13193Kb free=232566Kb
 bounds [0x0000000111199000, 0x0000000111e89000, 0x0000000120199000]
 total_blobs=7328 nmethods=6843 adapters=397
 compilation: enabled

Compilation events (10 events):
Event: 96296.313 Thread 0x00007fde630ec000 6984   !   1       org.springframework.core.annotation.AnnotationUtils$AliasDescriptor::<init> (227 bytes)
Event: 96296.316 Thread 0x00007fde630ec000 nmethod 6984 0x0000000111e74890 code [0x0000000111e74ba0, 0x0000000111e75ed8]
Event: 96296.316 Thread 0x00007fde630ec000 6985   !   1       org.springframework.beans.factory.annotation.AutowiredAnnotationBeanPostProcessor::determineCandidateConstructors (687 bytes)
Event: 96296.339 Thread 0x00007fde630ec000 nmethod 6985 0x0000000111e76f90 code [0x0000000111e77560, 0x0000000111e79a28]
Event: 96296.339 Thread 0x00007fde630ec000 6987       1       java.lang.StringBuffer::append (6 bytes)
Event: 96296.340 Thread 0x00007fde630ec000 nmethod 6987 0x0000000111e7dfd0 code [0x0000000111e7e140, 0x0000000111e7e428]
Event: 96296.340 Thread 0x00007fde630ec000 6988  s    1       java.lang.StringBuffer::append (13 bytes)
Event: 96296.340 Thread 0x00007fde630ec000 nmethod 6988 0x0000000111e7e510 code [0x0000000111e7e680, 0x0000000111e7e948]
Event: 96296.340 Thread 0x00007fde630ec000 6986       1       org.springframework.beans.factory.annotation.AutowiredAnnotationBeanPostProcessor$$Lambda$184/1989811701::get$Lambda (10 bytes)
Event: 96296.340 Thread 0x00007fde630ec000 nmethod 6986 0x0000000111e7e9d0 code [0x0000000111e7eb20, 0x0000000111e7ec90]

GC Heap History (10 events):
Event: 3.280 GC heap after
Heap after GC invocations=8 (full 1):
 PSYoungGen      total 139776K, used 7668K [0x0000000795580000, 0x00000007a1480000, 0x00000007c0000000)
  eden space 132096K, 0% used [0x0000000795580000,0x0000000795580000,0x000000079d680000)
  from space 7680K, 99% used [0x000000079d680000,0x000000079ddfd030,0x000000079de00000)
  to   space 10240K, 0% used [0x00000007a0a80000,0x00000007a0a80000,0x00000007a1480000)
 ParOldGen       total 52224K, used 9902K [0x0000000740000000, 0x0000000743300000, 0x0000000795580000)
  object space 52224K, 18% used [0x0000000740000000,0x00000007409abb38,0x0000000743300000)
 Metaspace       used 27569K, capacity 28514K, committed 28672K, reserved 1073152K
  class space    used 3752K, capacity 3990K, committed 4096K, reserved 1048576K
}
Event: 4.060 GC heap before
{Heap before GC invocations=9 (full 1):
 PSYoungGen      total 139776K, used 128312K [0x0000000795580000, 0x00000007a1480000, 0x00000007c0000000)
  eden space 132096K, 91% used [0x0000000795580000,0x000000079cb51048,0x000000079d680000)
  from space 7680K, 99% used [0x000000079d680000,0x000000079ddfd030,0x000000079de00000)
  to   space 10240K, 0% used [0x00000007a0a80000,0x00000007a0a80000,0x00000007a1480000)
 ParOldGen       total 52224K, used 9902K [0x0000000740000000, 0x0000000743300000, 0x0000000795580000)
  object space 52224K, 18% used [0x0000000740000000,0x00000007409abb38,0x0000000743300000)
 Metaspace       used 33765K, capacity 35358K, committed 35456K, reserved 1079296K
  class space    used 4619K, capacity 4946K, committed 4992K, reserved 1048576K
Event: 4.110 GC heap after
Heap after GC invocations=9 (full 1):
 PSYoungGen      total 180224K, used 10218K [0x0000000795580000, 0x00000007a4900000, 0x00000007c0000000)
  eden space 169984K, 0% used [0x0000000795580000,0x0000000795580000,0x000000079fb80000)
  from space 10240K, 99% used [0x00000007a0a80000,0x00000007a147a9a0,0x00000007a1480000)
  to   space 15360K, 0% used [0x000000079fb80000,0x000000079fb80000,0x00000007a0a80000)
 ParOldGen       total 52224K, used 18832K [0x0000000740000000, 0x0000000743300000, 0x0000000795580000)
  object space 52224K, 36% used [0x0000000740000000,0x0000000741264200,0x0000000743300000)
 Metaspace       used 33765K, capacity 35358K, committed 35456K, reserved 1079296K
  class space    used 4619K, capacity 4946K, committed 4992K, reserved 1048576K
}
Event: 4.110 GC heap before
{Heap before GC invocations=10 (full 2):
 PSYoungGen      total 180224K, used 10218K [0x0000000795580000, 0x00000007a4900000, 0x00000007c0000000)
  eden space 169984K, 0% used [0x0000000795580000,0x0000000795580000,0x000000079fb80000)
  from space 10240K, 99% used [0x00000007a0a80000,0x00000007a147a9a0,0x00000007a1480000)
  to   space 15360K, 0% used [0x000000079fb80000,0x000000079fb80000,0x00000007a0a80000)
 ParOldGen       total 52224K, used 18832K [0x0000000740000000, 0x0000000743300000, 0x0000000795580000)
  object space 52224K, 36% used [0x0000000740000000,0x0000000741264200,0x0000000743300000)
 Metaspace       used 33765K, capacity 35358K, committed 35456K, reserved 1079296K
  class space    used 4619K, capacity 4946K, committed 4992K, reserved 1048576K
Event: 4.199 GC heap after
Heap after GC invocations=10 (full 2):
 PSYoungGen      total 180224K, used 0K [0x0000000795580000, 0x00000007a4900000, 0x00000007c0000000)
  eden space 169984K, 0% used [0x0000000795580000,0x0000000795580000,0x000000079fb80000)
  from space 10240K, 0% used [0x00000007a0a80000,0x00000007a0a80000,0x00000007a1480000)
  to   space 15360K, 0% used [0x000000079fb80000,0x000000079fb80000,0x00000007a0a80000)
 ParOldGen       total 91648K, used 23561K [0x0000000740000000, 0x0000000745980000, 0x0000000795580000)
  object space 91648K, 25% used [0x0000000740000000,0x00000007417027d8,0x0000000745980000)
 Metaspace       used 33765K, capacity 35358K, committed 35456K, reserved 1079296K
  class space    used 4619K, capacity 4946K, committed 4992K, reserved 1048576K
}
Event: 11.377 GC heap before
{Heap before GC invocations=11 (full 2):
 PSYoungGen      total 180224K, used 169984K [0x0000000795580000, 0x00000007a4900000, 0x00000007c0000000)
  eden space 169984K, 100% used [0x0000000795580000,0x000000079fb80000,0x000000079fb80000)
  from space 10240K, 0% used [0x00000007a0a80000,0x00000007a0a80000,0x00000007a1480000)
  to   space 15360K, 0% used [0x000000079fb80000,0x000000079fb80000,0x00000007a0a80000)
 ParOldGen       total 91648K, used 23561K [0x0000000740000000, 0x0000000745980000, 0x0000000795580000)
  object space 91648K, 25% used [0x0000000740000000,0x00000007417027d8,0x0000000745980000)
 Metaspace       used 41522K, capacity 43910K, committed 44160K, reserved 1087488K
  class space    used 5725K, capacity 6173K, committed 6272K, reserved 1048576K
Event: 11.392 GC heap after
Heap after GC invocations=11 (full 2):
 PSYoungGen      total 185344K, used 11375K [0x0000000795580000, 0x00000007a5080000, 0x00000007c0000000)
  eden space 169984K, 0% used [0x0000000795580000,0x0000000795580000,0x000000079fb80000)
  from space 15360K, 74% used [0x000000079fb80000,0x00000007a069be80,0x00000007a0a80000)
  to   space 15872K, 0% used [0x00000007a4100000,0x00000007a4100000,0x00000007a5080000)
 ParOldGen       total 91648K, used 23569K [0x0000000740000000, 0x0000000745980000, 0x0000000795580000)
  object space 91648K, 25% used [0x0000000740000000,0x00000007417047d8,0x0000000745980000)
 Metaspace       used 41522K, capacity 43910K, committed 44160K, reserved 1087488K
  class space    used 5725K, capacity 6173K, committed 6272K, reserved 1048576K
}
Event: 20284.562 GC heap before
{Heap before GC invocations=12 (full 2):
 PSYoungGen      total 185344K, used 181359K [0x0000000795580000, 0x00000007a5080000, 0x00000007c0000000)
  eden space 169984K, 100% used [0x0000000795580000,0x000000079fb80000,0x000000079fb80000)
  from space 15360K, 74% used [0x000000079fb80000,0x00000007a069be80,0x00000007a0a80000)
  to   space 15872K, 0% used [0x00000007a4100000,0x00000007a4100000,0x00000007a5080000)
 ParOldGen       total 91648K, used 23569K [0x0000000740000000, 0x0000000745980000, 0x0000000795580000)
  object space 91648K, 25% used [0x0000000740000000,0x00000007417047d8,0x0000000745980000)
 Metaspace       used 42724K, capacity 45486K, committed 45568K, reserved 1089536K
  class space    used 5891K, capacity 6395K, committed 6400K, reserved 1048576K
Event: 20285.407 GC heap after
Heap after GC invocations=12 (full 2):
 PSYoungGen      total 226304K, used 8090K [0x0000000795580000, 0x00000007a4900000, 0x00000007c0000000)
  eden space 218112K, 0% used [0x0000000795580000,0x0000000795580000,0x00000007a2a80000)
  from space 8192K, 98% used [0x00000007a4100000,0x00000007a48e6be8,0x00000007a4900000)
  to   space 15360K, 0% used [0x00000007a2b00000,0x00000007a2b00000,0x00000007a3a00000)
 ParOldGen       total 91648K, used 23577K [0x0000000740000000, 0x0000000745980000, 0x0000000795580000)
  object space 91648K, 25% used [0x0000000740000000,0x00000007417067d8,0x0000000745980000)
 Metaspace       used 42724K, capacity 45486K, committed 45568K, reserved 1089536K
  class space    used 5891K, capacity 6395K, committed 6400K, reserved 1048576K
}
Event: 104493.998 GC heap before
{Heap before GC invocations=13 (full 2):
 PSYoungGen      total 226304K, used 226202K [0x0000000795580000, 0x00000007a4900000, 0x00000007c0000000)
  eden space 218112K, 100% used [0x0000000795580000,0x00000007a2a80000,0x00000007a2a80000)
  from space 8192K, 98% used [0x00000007a4100000,0x00000007a48e6be8,0x00000007a4900000)
  to   space 15360K, 0% used [0x00000007a2b00000,0x00000007a2b00000,0x00000007a3a00000)
 ParOldGen       total 91648K, used 23577K [0x0000000740000000, 0x0000000745980000, 0x0000000795580000)
  object space 91648K, 25% used [0x0000000740000000,0x00000007417067d8,0x0000000745980000)
 Metaspace       used 42997K, capacity 45862K, committed 46208K, reserved 1089536K
  class space    used 5935K, capacity 6431K, committed 6528K, reserved 1048576K

Deoptimization events (0 events):
No events

Classes redefined (0 events):
No events

Internal exceptions (10 events):
Event: 96296.290 Thread 0x00007fde633e2000 Exception <a 'java/io/FileNotFoundException'> (0x00000007a253d4e0) thrown at [/Users/java_re/workspace/8-2-build-macosx-x86_64/jdk8u191/11896/hotspot/src/share/vm/prims/jni.cpp, line 709]
Event: 96296.290 Thread 0x00007fde633e2000 Exception <a 'sun/nio/fs/UnixException'> (0x00000007a253e980) thrown at [/Users/java_re/workspace/8-2-build-macosx-x86_64/jdk8u191/11896/hotspot/src/share/vm/prims/jni.cpp, line 709]
Event: 96296.290 Thread 0x00007fde633e2000 Exception <a 'java/io/FileNotFoundException'> (0x00000007a253faa8) thrown at [/Users/java_re/workspace/8-2-build-macosx-x86_64/jdk8u191/11896/hotspot/src/share/vm/prims/jni.cpp, line 709]
Event: 96296.290 Thread 0x00007fde633e2000 Exception <a 'sun/nio/fs/UnixException'> (0x00000007a2540f78) thrown at [/Users/java_re/workspace/8-2-build-macosx-x86_64/jdk8u191/11896/hotspot/src/share/vm/prims/jni.cpp, line 709]
Event: 96296.290 Thread 0x00007fde633e2000 Exception <a 'java/io/FileNotFoundException'> (0x00000007a25420b0) thrown at [/Users/java_re/workspace/8-2-build-macosx-x86_64/jdk8u191/11896/hotspot/src/share/vm/prims/jni.cpp, line 709]
Event: 96296.290 Thread 0x00007fde633e2000 Exception <a 'java/lang/ArrayIndexOutOfBoundsException': 114> (0x00000007a2542d58) thrown at [/Users/java_re/workspace/8-2-build-macosx-x86_64/jdk8u191/11896/hotspot/src/share/vm/interpreter/interpreterRuntime.cpp, line 366]
Event: 96296.290 Thread 0x00007fde633e2000 Exception <a 'sun/nio/fs/UnixException'> (0x00000007a2544100) thrown at [/Users/java_re/workspace/8-2-build-macosx-x86_64/jdk8u191/11896/hotspot/src/share/vm/prims/jni.cpp, line 709]
Event: 96296.290 Thread 0x00007fde633e2000 Exception <a 'sun/nio/fs/UnixException'> (0x00000007a25471f0) thrown at [/Users/java_re/workspace/8-2-build-macosx-x86_64/jdk8u191/11896/hotspot/src/share/vm/prims/jni.cpp, line 709]
Event: 96296.290 Thread 0x00007fde633e2000 Exception <a 'sun/nio/fs/UnixException'> (0x00000007a25480b8) thrown at [/Users/java_re/workspace/8-2-build-macosx-x86_64/jdk8u191/11896/hotspot/src/share/vm/prims/jni.cpp, line 709]
Event: 96296.295 Thread 0x00007fde633f3800 Exception <a 'java/net/UnknownHostException'> (0x00000007a261d148) thrown at [/Users/java_re/workspace/8-2-build-macosx-x86_64/jdk8u191/11896/hotspot/src/share/vm/prims/jni.cpp, line 735]

Events (10 events):
Event: 96296.311 loading class groovy/lang/MetaClass done
Event: 96296.311 loading class groovy/lang$MetaClass
Event: 96296.311 loading class groovy/lang$MetaClass done
Event: 96296.313 loading class javax/inject/Inject
Event: 96296.313 loading class javax/inject/Inject done
Event: 96296.313 loading class javax/inject$Inject
Event: 96296.313 loading class javax/inject$Inject done
Event: 96301.319 Executing VM operation: RevokeBias
Event: 96301.319 Executing VM operation: RevokeBias done
Event: 104493.995 Executing VM operation: ParallelGCFailedAllocation


Dynamic libraries:
0x00007fff2f0bc000 	/System/Library/Frameworks/Cocoa.framework/Versions/A/Cocoa
0x00007fff3b6d5000 	/System/Library/Frameworks/Security.framework/Versions/A/Security
0x00007fff2dcfe000 	/System/Library/Frameworks/ApplicationServices.framework/Versions/A/ApplicationServices
0x00007fff5752c000 	/usr/lib/libz.1.dylib
0x00007fff5545d000 	/usr/lib/libSystem.B.dylib
0x00007fff56b16000 	/usr/lib/libobjc.A.dylib
0x00007fff2f86f000 	/System/Library/Frameworks/CoreFoundation.framework/Versions/A/CoreFoundation
0x00007fff319d0000 	/System/Library/Frameworks/Foundation.framework/Versions/C/Foundation
0x00007fff2ce4e000 	/System/Library/Frameworks/AppKit.framework/Versions/C/AppKit
0x00007fff2f434000 	/System/Library/Frameworks/CoreData.framework/Versions/A/CoreData
0x00007fff4eda2000 	/System/Library/PrivateFrameworks/RemoteViewServices.framework/Versions/A/RemoteViewServices
0x00007fff53502000 	/System/Library/PrivateFrameworks/UIFoundation.framework/Versions/A/UIFoundation
0x00007fff43b9d000 	/System/Library/PrivateFrameworks/DFRFoundation.framework/Versions/A/DFRFoundation
0x00007fff3403c000 	/System/Library/Frameworks/Metal.framework/Versions/A/Metal
0x00007fff43d3a000 	/System/Library/PrivateFrameworks/DesktopServicesPriv.framework/Versions/A/DesktopServicesPriv
0x00007fff56063000 	/usr/lib/libenergytrace.dylib
0x00007fff5156d000 	/System/Library/PrivateFrameworks/SkyLight.framework/Versions/A/SkyLight
0x00007fff2fd12000 	/System/Library/Frameworks/CoreGraphics.framework/Versions/A/CoreGraphics
0x00007fff55458000 	/usr/lib/libScreenReader.dylib
0x00007fff2bde8000 	/System/Library/Frameworks/Accelerate.framework/Versions/A/Accelerate
0x00007fff3214a000 	/System/Library/Frameworks/IOSurface.framework/Versions/A/IOSurface
0x00007fff2e248000 	/System/Library/Frameworks/AudioToolbox.framework/Versions/A/AudioToolbox
0x00007fff2e4d8000 	/System/Library/Frameworks/AudioUnit.framework/Versions/A/AudioUnit
0x00007fff43c35000 	/System/Library/PrivateFrameworks/DataDetectorsCore.framework/Versions/A/DataDetectorsCore
0x00007fff2ebaf000 	/System/Library/Frameworks/Carbon.framework/Versions/A/Frameworks/HIToolbox.framework/Versions/A/HIToolbox
0x00007fff561bd000 	/usr/lib/libicucore.A.dylib
0x00007fff3ac54000 	/System/Library/Frameworks/QuartzCore.framework/Versions/A/QuartzCore
0x00007fff50824000 	/System/Library/PrivateFrameworks/SignpostNotification.framework/Versions/A/SignpostNotification
0x00007fff2ef95000 	/System/Library/Frameworks/Carbon.framework/Versions/A/Frameworks/SpeechRecognition.framework/Versions/A/SpeechRecognition
0x00007fff555b9000 	/usr/lib/libauto.dylib
0x00007fff5741b000 	/usr/lib/libxml2.2.dylib
0x00007fff437ee000 	/System/Library/PrivateFrameworks/CoreUI.framework/Versions/A/CoreUI
0x00007fff2f310000 	/System/Library/Frameworks/CoreAudio.framework/Versions/A/CoreAudio
0x00007fff3180a000 	/System/Library/Frameworks/DiskArbitration.framework/Versions/A/DiskArbitration
0x00007fff56431000 	/usr/lib/liblangid.dylib
0x00007fff4b2a8000 	/System/Library/PrivateFrameworks/MultitouchSupport.framework/Versions/A/MultitouchSupport
0x00007fff320ad000 	/System/Library/Frameworks/IOKit.framework/Versions/A/IOKit
0x00007fff550e7000 	/usr/lib/libDiagnosticMessagesClient.dylib
0x00007fff309e8000 	/System/Library/Frameworks/CoreServices.framework/Versions/A/CoreServices
0x00007fff4cdda000 	/System/Library/PrivateFrameworks/PerformanceAnalysis.framework/Versions/A/PerformanceAnalysis
0x00007fff39df6000 	/System/Library/Frameworks/OpenGL.framework/Versions/A/OpenGL
0x00007fff2f0ca000 	/System/Library/Frameworks/ColorSync.framework/Versions/A/ColorSync
0x00007fff30324000 	/System/Library/Frameworks/CoreImage.framework/Versions/A/CoreImage
0x00007fff31378000 	/System/Library/Frameworks/CoreText.framework/Versions/A/CoreText
0x00007fff321a8000 	/System/Library/Frameworks/ImageIO.framework/Versions/A/ImageIO
0x00007fff404e5000 	/System/Library/PrivateFrameworks/Backup.framework/Versions/A/Backup
0x00007fff55509000 	/usr/lib/libarchive.2.dylib
0x00007fff2e7fb000 	/System/Library/Frameworks/CFNetwork.framework/Versions/A/CFNetwork
0x00007fff3be68000 	/System/Library/Frameworks/SystemConfiguration.framework/Versions/A/SystemConfiguration
0x00007fff55010000 	/usr/lib/libCRFSuite.dylib
0x00007fff55692000 	/usr/lib/libc++.1.dylib
0x00007fff556e9000 	/usr/lib/libc++abi.dylib
0x00007fff575da000 	/usr/lib/system/libcache.dylib
0x00007fff575df000 	/usr/lib/system/libcommonCrypto.dylib
0x00007fff575ea000 	/usr/lib/system/libcompiler_rt.dylib
0x00007fff575f2000 	/usr/lib/system/libcopyfile.dylib
0x00007fff575fc000 	/usr/lib/system/libcorecrypto.dylib
0x00007fff57709000 	/usr/lib/system/libdispatch.dylib
0x00007fff57743000 	/usr/lib/system/libdyld.dylib
0x00007fff57761000 	/usr/lib/system/libkeymgr.dylib
0x00007fff5776f000 	/usr/lib/system/liblaunch.dylib
0x00007fff57770000 	/usr/lib/system/libmacho.dylib
0x00007fff57775000 	/usr/lib/system/libquarantine.dylib
0x00007fff57778000 	/usr/lib/system/libremovefile.dylib
0x00007fff5777a000 	/usr/lib/system/libsystem_asl.dylib
0x00007fff57792000 	/usr/lib/system/libsystem_blocks.dylib
0x00007fff57793000 	/usr/lib/system/libsystem_c.dylib
0x00007fff5781d000 	/usr/lib/system/libsystem_configuration.dylib
0x00007fff57821000 	/usr/lib/system/libsystem_coreservices.dylib
0x00007fff57825000 	/usr/lib/system/libsystem_darwin.dylib
0x00007fff57827000 	/usr/lib/system/libsystem_dnssd.dylib
0x00007fff5782e000 	/usr/lib/system/libsystem_info.dylib
0x00007fff5789f000 	/usr/lib/system/libsystem_m.dylib
0x00007fff578eb000 	/usr/lib/system/libsystem_malloc.dylib
0x00007fff5790b000 	/usr/lib/system/libsystem_network.dylib
0x00007fff57a3c000 	/usr/lib/system/libsystem_networkextension.dylib
0x00007fff57a47000 	/usr/lib/system/libsystem_notify.dylib
0x00007fff57a65000 	/usr/lib/system/libsystem_sandbox.dylib
0x00007fff57a69000 	/usr/lib/system/libsystem_secinit.dylib
0x00007fff57878000 	/usr/lib/system/libsystem_kernel.dylib
0x00007fff57a51000 	/usr/lib/system/libsystem_platform.dylib
0x00007fff57a59000 	/usr/lib/system/libsystem_pthread.dylib
0x00007fff57a6b000 	/usr/lib/system/libsystem_symptoms.dylib
0x00007fff57a73000 	/usr/lib/system/libsystem_trace.dylib
0x00007fff57a88000 	/usr/lib/system/libunwind.dylib
0x00007fff57a8e000 	/usr/lib/system/libxpc.dylib
0x00007fff54f23000 	/usr/lib/closure/libclosured.dylib
0x00007fff55673000 	/usr/lib/libbsm.0.dylib
0x00007fff57762000 	/usr/lib/system/libkxld.dylib
0x00007fff55321000 	/usr/lib/libOpenScriptingUtil.dylib
0x00007fff559e2000 	/usr/lib/libcoretls.dylib
0x00007fff559fb000 	/usr/lib/libcoretls_cfhelpers.dylib
0x00007fff56f17000 	/usr/lib/libpam.2.dylib
0x00007fff5703e000 	/usr/lib/libsqlite3.dylib
0x00007fff5740a000 	/usr/lib/libxar.1.dylib
0x00007fff55684000 	/usr/lib/libbz2.1.0.dylib
0x00007fff56433000 	/usr/lib/liblzma.5.dylib
0x00007fff56914000 	/usr/lib/libnetwork.dylib
0x00007fff554f2000 	/usr/lib/libapple_nghttp2.dylib
0x00007fff56f1e000 	/usr/lib/libpcap.A.dylib
0x00007fff555ba000 	/usr/lib/libboringssl.dylib
0x00007fff573a5000 	/usr/lib/libusrtcp.dylib
0x00007fff554f1000 	/usr/lib/libapple_crypto.dylib
0x00007fff30d6b000 	/System/Library/Frameworks/CoreServices.framework/Versions/A/Frameworks/FSEvents.framework/Versions/A/FSEvents
0x00007fff30a5e000 	/System/Library/Frameworks/CoreServices.framework/Versions/A/Frameworks/CarbonCore.framework/Versions/A/CarbonCore
0x00007fff30f32000 	/System/Library/Frameworks/CoreServices.framework/Versions/A/Frameworks/Metadata.framework/Versions/A/Metadata
0x00007fff30fe3000 	/System/Library/Frameworks/CoreServices.framework/Versions/A/Frameworks/OSServices.framework/Versions/A/OSServices
0x00007fff31044000 	/System/Library/Frameworks/CoreServices.framework/Versions/A/Frameworks/SearchKit.framework/Versions/A/SearchKit
0x00007fff309e9000 	/System/Library/Frameworks/CoreServices.framework/Versions/A/Frameworks/AE.framework/Versions/A/AE
0x00007fff30d74000 	/System/Library/Frameworks/CoreServices.framework/Versions/A/Frameworks/LaunchServices.framework/Versions/A/LaunchServices
0x00007fff30d36000 	/System/Library/Frameworks/CoreServices.framework/Versions/A/Frameworks/DictionaryServices.framework/Versions/A/DictionaryServices
0x00007fff310b3000 	/System/Library/Frameworks/CoreServices.framework/Versions/A/Frameworks/SharedFileList.framework/Versions/A/SharedFileList
0x00007fff35272000 	/System/Library/Frameworks/NetFS.framework/Versions/A/NetFS
0x00007fff4b539000 	/System/Library/PrivateFrameworks/NetAuth.framework/Versions/A/NetAuth
0x00007fff54dba000 	/System/Library/PrivateFrameworks/login.framework/Versions/A/Frameworks/loginsupport.framework/Versions/A/loginsupport
0x00007fff5317f000 	/System/Library/PrivateFrameworks/TCC.framework/Versions/A/TCC
0x00007fff56514000 	/usr/lib/libmecabra.dylib
0x00007fff2dcff000 	/System/Library/Frameworks/ApplicationServices.framework/Versions/A/Frameworks/ATS.framework/Versions/A/ATS
0x00007fff2e0ad000 	/System/Library/Frameworks/ApplicationServices.framework/Versions/A/Frameworks/ColorSyncLegacy.framework/Versions/A/ColorSyncLegacy
0x00007fff2e151000 	/System/Library/Frameworks/ApplicationServices.framework/Versions/A/Frameworks/HIServices.framework/Versions/A/HIServices
0x00007fff2e1a4000 	/System/Library/Frameworks/ApplicationServices.framework/Versions/A/Frameworks/LangAnalysis.framework/Versions/A/LangAnalysis
0x00007fff2e1b3000 	/System/Library/Frameworks/ApplicationServices.framework/Versions/A/Frameworks/PrintCore.framework/Versions/A/PrintCore
0x00007fff2e200000 	/System/Library/Frameworks/ApplicationServices.framework/Versions/A/Frameworks/QD.framework/Versions/A/QD
0x00007fff2e23b000 	/System/Library/Frameworks/ApplicationServices.framework/Versions/A/Frameworks/SpeechSynthesis.framework/Versions/A/SpeechSynthesis
0x00007fff2f78b000 	/System/Library/Frameworks/CoreDisplay.framework/Versions/A/CoreDisplay
0x00007fff2be00000 	/System/Library/Frameworks/Accelerate.framework/Versions/A/Frameworks/vImage.framework/Versions/A/vImage
0x00007fff2cb5a000 	/System/Library/Frameworks/Accelerate.framework/Versions/A/Frameworks/vecLib.framework/Versions/A/vecLib
0x00007fff2c8fa000 	/System/Library/Frameworks/Accelerate.framework/Versions/A/Frameworks/vecLib.framework/Versions/A/libvDSP.dylib
0x00007fff2c45a000 	/System/Library/Frameworks/Accelerate.framework/Versions/A/Frameworks/vecLib.framework/Versions/A/libBNNS.dylib
0x00007fff2c85f000 	/System/Library/Frameworks/Accelerate.framework/Versions/A/Frameworks/vecLib.framework/Versions/A/libQuadrature.dylib
0x00007fff2caa8000 	/System/Library/Frameworks/Accelerate.framework/Versions/A/Frameworks/vecLib.framework/Versions/A/libvMisc.dylib
0x00007fff2c489000 	/System/Library/Frameworks/Accelerate.framework/Versions/A/Frameworks/vecLib.framework/Versions/A/libLAPACK.dylib
0x00007fff2c2ff000 	/System/Library/Frameworks/Accelerate.framework/Versions/A/Frameworks/vecLib.framework/Versions/A/libBLAS.dylib
0x00007fff2c849000 	/System/Library/Frameworks/Accelerate.framework/Versions/A/Frameworks/vecLib.framework/Versions/A/libLinearAlgebra.dylib
0x00007fff2c865000 	/System/Library/Frameworks/Accelerate.framework/Versions/A/Frameworks/vecLib.framework/Versions/A/libSparse.dylib
0x00007fff2c8e6000 	/System/Library/Frameworks/Accelerate.framework/Versions/A/Frameworks/vecLib.framework/Versions/A/libSparseBLAS.dylib
0x00007fff48379000 	/System/Library/PrivateFrameworks/GPUWrangler.framework/Versions/A/GPUWrangler
0x00007fff49b0a000 	/System/Library/PrivateFrameworks/IOAccelerator.framework/Versions/A/IOAccelerator
0x00007fff49b15000 	/System/Library/PrivateFrameworks/IOPresentment.framework/Versions/A/IOPresentment
0x00007fff43baf000 	/System/Library/PrivateFrameworks/DSExternalDisplay.framework/Versions/A/DSExternalDisplay
0x00007fff39275000 	/System/Library/Frameworks/OpenGL.framework/Versions/A/Libraries/libCoreFSCache.dylib
0x00007fff314c9000 	/System/Library/Frameworks/CoreVideo.framework/Versions/A/CoreVideo
0x00007fff490f4000 	/System/Library/PrivateFrameworks/GraphVisualizer.framework/Versions/A/GraphVisualizer
0x00007fff34273000 	/System/Library/Frameworks/MetalPerformanceShaders.framework/Versions/A/MetalPerformanceShaders
0x00007fff5511f000 	/usr/lib/libFosl_dynamic.dylib
0x00007fff44c83000 	/System/Library/PrivateFrameworks/FaceCore.framework/Versions/A/FaceCore
0x00007fff38070000 	/System/Library/Frameworks/OpenCL.framework/Versions/A/OpenCL
0x00007fff55720000 	/usr/lib/libcompression.dylib
0x00007fff2ddfe000 	/System/Library/Frameworks/ApplicationServices.framework/Versions/A/Frameworks/ATS.framework/Versions/A/Resources/libFontParser.dylib
0x00007fff2df21000 	/System/Library/Frameworks/ApplicationServices.framework/Versions/A/Frameworks/ATS.framework/Versions/A/Resources/libFontRegistry.dylib
0x00007fff32410000 	/System/Library/Frameworks/ImageIO.framework/Versions/A/Resources/libJPEG.dylib
0x00007fff32739000 	/System/Library/Frameworks/ImageIO.framework/Versions/A/Resources/libTIFF.dylib
0x00007fff3270f000 	/System/Library/Frameworks/ImageIO.framework/Versions/A/Resources/libPng.dylib
0x00007fff32323000 	/System/Library/Frameworks/ImageIO.framework/Versions/A/Resources/libGIF.dylib
0x00007fff32328000 	/System/Library/Frameworks/ImageIO.framework/Versions/A/Resources/libJP2.dylib
0x00007fff32736000 	/System/Library/Frameworks/ImageIO.framework/Versions/A/Resources/libRadiance.dylib
0x00007fff3fc10000 	/System/Library/PrivateFrameworks/AppleJPEG.framework/Versions/A/AppleJPEG
0x00007fff340da000 	/System/Library/Frameworks/MetalPerformanceShaders.framework/Frameworks/MPSCore.framework/Versions/A/MPSCore
0x00007fff340f6000 	/System/Library/Frameworks/MetalPerformanceShaders.framework/Frameworks/MPSImage.framework/Versions/A/MPSImage
0x00007fff3418b000 	/System/Library/Frameworks/MetalPerformanceShaders.framework/Frameworks/MPSNeuralNetwork.framework/Versions/A/MPSNeuralNetwork
0x00007fff34166000 	/System/Library/Frameworks/MetalPerformanceShaders.framework/Frameworks/MPSMatrix.framework/Versions/A/MPSMatrix
0x00007fff4b00b000 	/System/Library/PrivateFrameworks/MetalTools.framework/Versions/A/MetalTools
0x00007fff39440000 	/System/Library/Frameworks/OpenGL.framework/Versions/A/Libraries/libGLU.dylib
0x00007fff39280000 	/System/Library/Frameworks/OpenGL.framework/Versions/A/Libraries/libGFXShared.dylib
0x00007fff3928a000 	/System/Library/Frameworks/OpenGL.framework/Versions/A/Libraries/libGL.dylib
0x00007fff39296000 	/System/Library/Frameworks/OpenGL.framework/Versions/A/Libraries/libGLImage.dylib
0x00007fff39272000 	/System/Library/Frameworks/OpenGL.framework/Versions/A/Libraries/libCVMSPluginSupport.dylib
0x00007fff3927b000 	/System/Library/Frameworks/OpenGL.framework/Versions/A/Libraries/libCoreVMClient.dylib
0x00007fff55ecd000 	/usr/lib/libcups.2.dylib
0x00007fff33641000 	/System/Library/Frameworks/Kerberos.framework/Versions/A/Kerberos
0x00007fff31e07000 	/System/Library/Frameworks/GSS.framework/Versions/A/GSS
0x00007fff56fd1000 	/usr/lib/libresolv.9.dylib
0x00007fff560cb000 	/usr/lib/libiconv.2.dylib
0x00007fff49186000 	/System/Library/PrivateFrameworks/Heimdal.framework/Versions/A/Heimdal
0x00007fff5609a000 	/usr/lib/libheimdal-asn1.dylib
0x00007fff380e8000 	/System/Library/Frameworks/OpenDirectory.framework/Versions/A/OpenDirectory
0x00007fff41f26000 	/System/Library/PrivateFrameworks/CommonAuth.framework/Versions/A/CommonAuth
0x00007fff380cb000 	/System/Library/Frameworks/OpenDirectory.framework/Versions/A/Frameworks/CFOpenDirectory.framework/Versions/A/CFOpenDirectory
0x00007fff3ba01000 	/System/Library/Frameworks/SecurityFoundation.framework/Versions/A/SecurityFoundation
0x00007fff3edd5000 	/System/Library/PrivateFrameworks/APFS.framework/Versions/A/APFS
0x00007fff57406000 	/usr/lib/libutil.dylib
0x00007fff3fc93000 	/System/Library/PrivateFrameworks/AppleSauce.framework/Versions/A/AppleSauce
0x00007fff4a2f2000 	/System/Library/PrivateFrameworks/LinguisticData.framework/Versions/A/LinguisticData
0x00007fff5644d000 	/usr/lib/libmarisa.dylib
0x00007fff4a2ac000 	/System/Library/PrivateFrameworks/Lexicon.framework/Versions/A/Lexicon
0x00007fff5504a000 	/usr/lib/libChineseTokenizer.dylib
0x00007fff5570f000 	/usr/lib/libcmph.dylib
0x00007fff4a1b6000 	/System/Library/PrivateFrameworks/LanguageModeling.framework/Versions/A/LanguageModeling
0x00007fff42a35000 	/System/Library/PrivateFrameworks/CoreEmoji.framework/Versions/A/CoreEmoji
0x00007fff3babf000 	/System/Library/Frameworks/ServiceManagement.framework/Versions/A/ServiceManagement
0x00007fff404dd000 	/System/Library/PrivateFrameworks/BackgroundTaskManagement.framework/Versions/A/BackgroundTaskManagement
0x00007fff57503000 	/usr/lib/libxslt.1.dylib
0x00007fff2eebf000 	/System/Library/Frameworks/Carbon.framework/Versions/A/Frameworks/Ink.framework/Versions/A/Ink
0x00007fff53394000 	/System/Library/PrivateFrameworks/TextureIO.framework/Versions/A/TextureIO
0x00007fff55534000 	/usr/lib/libate.dylib
0x00007fff43b0f000 	/System/Library/PrivateFrameworks/CrashReporterSupport.framework/Versions/A/CrashReporterSupport
0x00007fff506e4000 	/System/Library/PrivateFrameworks/Sharing.framework/Versions/A/Sharing
0x00007fff49ef7000 	/System/Library/PrivateFrameworks/IconServices.framework/Versions/A/IconServices
0x00007fff4010d000 	/System/Library/PrivateFrameworks/AuthKit.framework/Versions/A/AuthKit
0x00007fff3fa93000 	/System/Library/PrivateFrameworks/Apple80211.framework/Versions/A/Apple80211
0x00007fff43924000 	/System/Library/PrivateFrameworks/CoreUtils.framework/Versions/A/CoreUtils
0x00007fff31504000 	/System/Library/Frameworks/CoreWLAN.framework/Versions/A/CoreWLAN
0x00007fff31f49000 	/System/Library/Frameworks/IOBluetooth.framework/Versions/A/IOBluetooth
0x00007fff4eba9000 	/System/Library/PrivateFrameworks/ProtocolBuffer.framework/Versions/A/ProtocolBuffer
0x00007fff4b203000 	/System/Library/PrivateFrameworks/MobileKeyBag.framework/Versions/A/MobileKeyBag
0x00007fff431d9000 	/System/Library/PrivateFrameworks/CorePhoneNumbers.framework/Versions/A/CorePhoneNumbers
0x00007fff3fbcb000 	/System/Library/PrivateFrameworks/AppleIDAuthSupport.framework/Versions/A/AppleIDAuthSupport
0x00007fff4a1a2000 	/System/Library/PrivateFrameworks/KeychainCircle.framework/Versions/A/KeychainCircle
0x00007fff43aaa000 	/System/Library/PrivateFrameworks/CoreWiFi.framework/Versions/A/CoreWiFi
0x00007fff2f40a000 	/System/Library/Frameworks/CoreBluetooth.framework/Versions/A/CoreBluetooth
0x00007fff43cf9000 	/System/Library/PrivateFrameworks/DebugSymbols.framework/Versions/A/DebugSymbols
0x00007fff436da000 	/System/Library/PrivateFrameworks/CoreSymbolication.framework/Versions/A/CoreSymbolication
0x00007fff52b85000 	/System/Library/PrivateFrameworks/Symbolication.framework/Versions/A/Symbolication
0x00007fff3fabd000 	/System/Library/PrivateFrameworks/AppleFSCompression.framework/Versions/A/AppleFSCompression
0x00007fff51fd2000 	/System/Library/PrivateFrameworks/SpeechRecognitionCore.framework/Versions/A/SpeechRecognitionCore
0x000000010e800000 	/Library/Java/JavaVirtualMachines/jdk1.8.0_191.jdk/Contents/Home/jre/lib/server/libjvm.dylib
0x00007fff572d3000 	/usr/lib/libstdc++.6.0.9.dylib
0x000000010de20000 	/Library/Java/JavaVirtualMachines/jdk1.8.0_191.jdk/Contents/Home/jre/lib/libverify.dylib
0x000000010de2e000 	/Library/Java/JavaVirtualMachines/jdk1.8.0_191.jdk/Contents/Home/jre/lib/libjava.dylib
0x000000010de65000 	/Library/Java/JavaVirtualMachines/jdk1.8.0_191.jdk/Contents/Home/jre/lib/libinstrument.dylib
0x000000010df03000 	/Library/Java/JavaVirtualMachines/jdk1.8.0_191.jdk/Contents/Home/jre/lib/libzip.dylib
0x0000000126de1000 	/Library/Java/JavaVirtualMachines/jdk1.8.0_191.jdk/Contents/Home/jre/lib/libnet.dylib
0x0000000126e40000 	/Library/Java/JavaVirtualMachines/jdk1.8.0_191.jdk/Contents/Home/jre/lib/libmanagement.dylib
0x0000000126e4e000 	/Library/Java/JavaVirtualMachines/jdk1.8.0_191.jdk/Contents/Home/jre/lib/libnio.dylib

VM Arguments:
jvm_args: -XX:TieredStopAtLevel=1 -Xverify:none -Dspring.output.ansi.enabled=always -Dcom.sun.management.jmxremote -Dcom.sun.management.jmxremote.port=56170 -Dcom.sun.management.jmxremote.authenticate=false -Dcom.sun.management.jmxremote.ssl=false -Djava.rmi.server.hostname=127.0.0.1 -Dspring.liveBeansView.mbeanDomain -Dspring.application.admin.enabled=true -javaagent:/Applications/IntelliJ IDEA.app/Contents/lib/idea_rt.jar=56171:/Applications/IntelliJ IDEA.app/Contents/bin -Dfile.encoding=UTF-8 
java_command: com.youmi.spring_config.SpringConfigApplication
java_class_path (initial): /Library/Java/JavaVirtualMachines/jdk1.8.0_191.jdk/Contents/Home/jre/lib/charsets.jar:/Library/Java/JavaVirtualMachines/jdk1.8.0_191.jdk/Contents/Home/jre/lib/deploy.jar:/Library/Java/JavaVirtualMachines/jdk1.8.0_191.jdk/Contents/Home/jre/lib/ext/cldrdata.jar:/Library/Java/JavaVirtualMachines/jdk1.8.0_191.jdk/Contents/Home/jre/lib/ext/dnsns.jar:/Library/Java/JavaVirtualMachines/jdk1.8.0_191.jdk/Contents/Home/jre/lib/ext/jaccess.jar:/Library/Java/JavaVirtualMachines/jdk1.8.0_191.jdk/Contents/Home/jre/lib/ext/jfxrt.jar:/Library/Java/JavaVirtualMachines/jdk1.8.0_191.jdk/Contents/Home/jre/lib/ext/localedata.jar:/Library/Java/JavaVirtualMachines/jdk1.8.0_191.jdk/Contents/Home/jre/lib/ext/nashorn.jar:/Library/Java/JavaVirtualMachines/jdk1.8.0_191.jdk/Contents/Home/jre/lib/ext/sunec.jar:/Library/Java/JavaVirtualMachines/jdk1.8.0_191.jdk/Contents/Home/jre/lib/ext/sunjce_provider.jar:/Library/Java/JavaVirtualMachines/jdk1.8.0_191.jdk/Contents/Home/jre/lib/ext/sunpkcs11.jar:/Library/Java/JavaVirtualMachines/jdk1.8.0_191.jdk/Contents/Home/jre/lib/ext/zipfs.jar:/Library/Java/JavaVirtualMachines/jdk1.8.0_191.jdk/Contents/Home/jre/lib/javaws.jar:/Library/Java/JavaVirtualMachines/jdk1.8.0_191.jdk/Contents/Home/jre/lib/jce.jar:/Library/Java/JavaVirtualMachines/jdk1.8.0_191.jdk/Contents/Home/jre/lib/jfr.jar:/Library/Java/JavaVirtualMachines/jdk1.8.0_191.jdk/Contents/Home/jre/lib/jfxswt.jar:/Library/Java/JavaVirtualMachines/jdk1.8.0_191.jdk/Contents/Home/jre/lib/jsse.jar:/Library/Java/JavaVirtualMachines/jdk1.8.0_191.jdk/Contents/Home/jre/lib/management-agent.jar:/Library/Java/JavaVirtualMachines/jdk1.8.0_191.jdk/Contents/Home/jre/lib/plugin.jar:/Library/Java/JavaVirtualMachines/jdk1.8.0_191.jdk/Contents/Home/jre/lib/resources.jar:/Library/Java/JavaVirtualMachines/jdk1.8.0_191.jdk/Contents/Home/jre/lib/rt.jar:/Library/Java/JavaVirtualMachines/jdk1.8.0_191.jdk/Contents/Home/lib/ant-javafx.jar:/Library/Java/JavaVirtualMachines/jdk1.8.0_191.jdk/Contents/Home
Launcher Type: SUN_STANDARD

Environment Variables:
PATH=/usr/local/bin:/usr/bin:/bin:/usr/sbin:/sbin:/Applications/VMware Fusion.app/Contents/Public
SHELL=/bin/bash

Signal Handlers:
SIGSEGV: [libjvm.dylib+0x5b5de9], sa_mask[0]=11111111011111110111111111111111, sa_flags=SA_ONSTACK|SA_RESTART|SA_SIGINFO
SIGBUS: [libjvm.dylib+0x5b5de9], sa_mask[0]=11111111011111110111111111111111, sa_flags=SA_RESTART|SA_SIGINFO
SIGFPE: [libjvm.dylib+0x48b6b0], sa_mask[0]=11111111011111110111111111111111, sa_flags=SA_RESTART|SA_SIGINFO
SIGPIPE: [libjvm.dylib+0x48b6b0], sa_mask[0]=11111111011111110111111111111111, sa_flags=SA_RESTART|SA_SIGINFO
SIGXFSZ: [libjvm.dylib+0x48b6b0], sa_mask[0]=11111111011111110111111111111111, sa_flags=SA_RESTART|SA_SIGINFO
SIGILL: [libjvm.dylib+0x48b6b0], sa_mask[0]=11111111011111110111111111111111, sa_flags=SA_RESTART|SA_SIGINFO
SIGUSR1: SIG_DFL, sa_mask[0]=00000000000000000000000000000000, sa_flags=none
SIGUSR2: [libjvm.dylib+0x48b1ce], sa_mask[0]=00100000000000000000000000000000, sa_flags=SA_RESTART|SA_SIGINFO
SIGHUP: [libjvm.dylib+0x489759], sa_mask[0]=11111111011111110111111111111111, sa_flags=SA_RESTART|SA_SIGINFO
SIGINT: [libjvm.dylib+0x489759], sa_mask[0]=11111111011111110111111111111111, sa_flags=SA_RESTART|SA_SIGINFO
SIGTERM: [libjvm.dylib+0x489759], sa_mask[0]=11111111011111110111111111111111, sa_flags=SA_RESTART|SA_SIGINFO
SIGQUIT: [libjvm.dylib+0x489759], sa_mask[0]=11111111011111110111111111111111, sa_flags=SA_RESTART|SA_SIGINFO


---------------  S Y S T E M  ---------------

OS:Bsduname:Darwin 17.7.0 Darwin Kernel Version 17.7.0: Thu Jun 21 22:53:14 PDT 2018; root:xnu-4570.71.2~1/RELEASE_X86_64 x86_64
rlimit: STACK 8192k, CORE 0k, NPROC 709, NOFILE 10240, AS infinity
load average:2.34 2.30 2.26

CPU:total 4 (initial active 4) (2 cores per cpu, 2 threads per core) family 6 model 158 stepping 9, cmov, cx8, fxsr, mmx, sse, sse2, sse3, ssse3, sse4.1, sse4.2, popcnt, avx, avx2, aes, clmul, erms, 3dnowpref, lzcnt, ht, tsc, tscinvbit, bmi1, bmi2, adx

Memory: 4k page, physical 8388608k(13112k free)

/proc/meminfo:


vm_info: Java HotSpot(TM) 64-Bit Server VM (25.191-b12) for bsd-amd64 JRE (1.8.0_191-b12), built on Oct  6 2018 08:37:07 by "java_re" with gcc 4.2.1 (Based on Apple Inc. build 5658) (LLVM build 2336.11.00)

time: Tue Mar 19 19:32:26 2019
elapsed time: 104495 seconds (1d 5h 1m 35s)

